2025-12-15T23:25:49.896218979Z [inf]  
2025-12-15T23:25:51.319975839Z [inf]  [35m[Region: us-east4][0m
2025-12-15T23:25:51.373746575Z [inf]  
2025-12-15T23:25:51.373812670Z [inf]  [38;2;125;86;243m╭─────────────────╮[0m
2025-12-15T23:25:51.373822698Z [inf]  [38;2;125;86;243m│[0m Railpack 0.15.1 [38;2;125;86;243m│[0m
2025-12-15T23:25:51.373828790Z [inf]  [38;2;125;86;243m╰─────────────────╯[0m
2025-12-15T23:25:51.373838045Z [inf]  
2025-12-15T23:25:51.373844080Z [inf]  [97m↳ Detected Node[0m
2025-12-15T23:25:51.373851271Z [inf]  [97m↳ Using npm package manager[0m
2025-12-15T23:25:51.373857696Z [inf]  
2025-12-15T23:25:51.373863673Z [inf]  [1mPackages[0m
2025-12-15T23:25:51.373869561Z [inf]  [38;5;238m──────────[0m
2025-12-15T23:25:51.373875840Z [inf]  [95mnode[0m  [38;5;238m│[0m  [96m18.20.8[0m  [38;5;238m│[0m  package.json > engines > node (>=18.0.0)
2025-12-15T23:25:51.373881413Z [inf]  
2025-12-15T23:25:51.373887635Z [inf]  [1mSteps[0m
2025-12-15T23:25:51.373893183Z [inf]  [38;5;238m──────────[0m
2025-12-15T23:25:51.373899595Z [inf]  [95m▸ install[0m
2025-12-15T23:25:51.373905521Z [inf]  [38;5;245m$[0m [1mnpm ci[0m
2025-12-15T23:25:51.373911836Z [inf]  
2025-12-15T23:25:51.373917709Z [inf]  [95m▸ build[0m
2025-12-15T23:25:51.373923672Z [inf]  [38;5;245m$[0m [1mnpm run build[0m
2025-12-15T23:25:51.373929971Z [inf]  
2025-12-15T23:25:51.373936274Z [inf]  [1mDeploy[0m
2025-12-15T23:25:51.373941833Z [inf]  [38;5;238m──────────[0m
2025-12-15T23:25:51.373947961Z [inf]  [38;5;245m$[0m [1mnpm run start[0m
2025-12-15T23:25:51.373953956Z [inf]  
2025-12-15T23:25:51.373959794Z [inf]  
2025-12-15T23:25:51.376861158Z [inf]  Successfully prepared Railpack plan for build
2025-12-15T23:25:51.376913640Z [inf]  
2025-12-15T23:25:51.376922569Z [inf]  
2025-12-15T23:25:51.377514916Z [inf]  context: 08r7-R_o8
2025-12-15T23:25:51.567460770Z [inf]  [internal] load build definition from railpack-plan.json
2025-12-15T23:25:51.567522493Z [inf]  [internal] load build definition from railpack-plan.json
2025-12-15T23:25:51.567587793Z [inf]  [internal] load build definition from railpack-plan.json
2025-12-15T23:25:51.580128533Z [inf]  [internal] load build definition from railpack-plan.json
2025-12-15T23:25:51.582147263Z [inf]  resolve image config for docker-image://ghcr.io/railwayapp/railpack-frontend:v0.15.1
2025-12-15T23:25:51.661909146Z [inf]  resolve image config for docker-image://ghcr.io/railwayapp/railpack-frontend:v0.15.1
2025-12-15T23:25:51.661986442Z [inf]  docker-image://ghcr.io/railwayapp/railpack-frontend:v0.15.1@sha256:a4ad3453868dd475784adfd7eb98fb4aa0e1a532a9ff8f668d64cf21bd3908a7
2025-12-15T23:25:51.662005250Z [inf]  docker-image://ghcr.io/railwayapp/railpack-frontend:v0.15.1@sha256:a4ad3453868dd475784adfd7eb98fb4aa0e1a532a9ff8f668d64cf21bd3908a7
2025-12-15T23:25:51.668007892Z [inf]  docker-image://ghcr.io/railwayapp/railpack-frontend:v0.15.1@sha256:a4ad3453868dd475784adfd7eb98fb4aa0e1a532a9ff8f668d64cf21bd3908a7
2025-12-15T23:25:51.668197332Z [inf]  docker-image://ghcr.io/railwayapp/railpack-frontend:v0.15.1@sha256:a4ad3453868dd475784adfd7eb98fb4aa0e1a532a9ff8f668d64cf21bd3908a7
2025-12-15T23:25:51.776847773Z [inf]  load build definition from railpack-plan.json
2025-12-15T23:25:51.776915345Z [inf]  load build definition from railpack-plan.json
2025-12-15T23:25:51.776930775Z [inf]  load build definition from railpack-plan.json
2025-12-15T23:25:51.788227260Z [inf]  load build definition from railpack-plan.json
2025-12-15T23:25:51.820688129Z [inf]  copy /usr/local/bin/mise
2025-12-15T23:25:51.820752696Z [inf]  copy /mise/installs
2025-12-15T23:25:51.820763429Z [inf]  copy /mise/shims
2025-12-15T23:25:51.820783684Z [inf]  install mise packages: node
2025-12-15T23:25:51.820793905Z [inf]  create mise config
2025-12-15T23:25:51.820805910Z [inf]  mkdir /etc/mise
2025-12-15T23:25:51.820822802Z [inf]  docker-image://ghcr.io/railwayapp/railpack-builder:latest
2025-12-15T23:25:51.820834504Z [inf]  install apt packages: libatomic1
2025-12-15T23:25:51.820844268Z [inf]  docker-image://ghcr.io/railwayapp/railpack-runtime:latest
2025-12-15T23:25:51.820876922Z [inf]  copy /root/.local/state/mise
2025-12-15T23:25:51.820900078Z [inf]  copy /etc/mise/config.toml
2025-12-15T23:25:51.820952463Z [inf]  copy package.json
2025-12-15T23:25:51.820969403Z [inf]  copy package-lock.json
2025-12-15T23:25:51.820980428Z [inf]  copy client/package.json
2025-12-15T23:25:51.820997813Z [inf]  copy client/package-lock.json
2025-12-15T23:25:51.821011159Z [inf]  loading .
2025-12-15T23:25:51.821028885Z [inf]  mkdir -p /app/node_modules/.cache
2025-12-15T23:25:51.821041824Z [inf]  [railpack] copy used secrets hash
2025-12-15T23:25:51.821052833Z [inf]  [railpack] hash used secrets
2025-12-15T23:25:51.821064207Z [inf]  [railpack] copy secrets hash
2025-12-15T23:25:51.821074721Z [inf]  [railpack] secrets hash
2025-12-15T23:25:51.821083542Z [inf]  [railpack] loading secrets
2025-12-15T23:25:51.821152692Z [inf]  copy /root/.cache
2025-12-15T23:25:51.821170814Z [inf]  copy /app/node_modules
2025-12-15T23:25:51.821185861Z [inf]  npm run build
2025-12-15T23:25:51.821196892Z [inf]  copy / /app
2025-12-15T23:25:51.821206735Z [inf]  npm ci
2025-12-15T23:25:51.821217448Z [inf]  copy server/package.json
2025-12-15T23:25:51.821228641Z [inf]  copy server/package-lock.json
2025-12-15T23:25:51.821262169Z [inf]  [railpack] merge $packages:apt:runtime, $packages:mise, $build, $build
2025-12-15T23:25:51.821279019Z [inf]  copy /app
2025-12-15T23:25:51.821329897Z [inf]  [railpack] secrets hash
2025-12-15T23:25:51.821341779Z [inf]  docker-image://ghcr.io/railwayapp/railpack-runtime:latest
2025-12-15T23:25:51.821354719Z [inf]  loading .
2025-12-15T23:25:51.821368209Z [inf]  docker-image://ghcr.io/railwayapp/railpack-builder:latest
2025-12-15T23:25:51.821382375Z [inf]  [railpack] loading secrets
2025-12-15T23:25:51.869255659Z [inf]  docker-image://ghcr.io/railwayapp/railpack-runtime:latest
2025-12-15T23:25:51.869438349Z [inf]  docker-image://ghcr.io/railwayapp/railpack-runtime:latest
2025-12-15T23:25:51.869518189Z [inf]  install apt packages: libatomic1
2025-12-15T23:25:51.891366814Z [inf]  [railpack] loading secrets
2025-12-15T23:25:51.892141506Z [inf]  [railpack] secrets hash
2025-12-15T23:25:51.892189238Z [inf]  loading .
2025-12-15T23:25:51.905589074Z [inf]  [railpack] secrets hash
2025-12-15T23:25:51.907001607Z [inf]  mkdir /etc/mise
2025-12-15T23:25:51.907065240Z [inf]  create mise config
2025-12-15T23:25:51.908588853Z [inf]  [railpack] loading secrets
2025-12-15T23:25:51.908696004Z [inf]  [railpack] copy secrets hash
2025-12-15T23:25:51.922486743Z [inf]  create mise config
2025-12-15T23:25:51.923936720Z [inf]  install mise packages: node
2025-12-15T23:25:51.926597111Z [inf]  [railpack] copy secrets hash
2025-12-15T23:25:51.928102022Z [inf]  [railpack] hash used secrets
2025-12-15T23:25:51.934148972Z [inf]  loading .
2025-12-15T23:25:52.108576889Z [inf]  Get:1 http://deb.debian.org/debian bookworm InRelease [151 kB]

2025-12-15T23:25:52.115609620Z [inf]  [railpack] hash used secrets
2025-12-15T23:25:52.120845455Z [inf]  Get:2 http://deb.debian.org/debian bookworm-updates InRelease [55.4 kB]

2025-12-15T23:25:52.120939553Z [inf]  Get:3 http://deb.debian.org/debian-security bookworm-security InRelease [48.0 kB]

2025-12-15T23:25:52.127471223Z [inf]  [railpack] copy used secrets hash
2025-12-15T23:25:52.196765141Z [inf]  Get:4 http://deb.debian.org/debian bookworm/main amd64 Packages [8791 kB]

2025-12-15T23:25:52.233861837Z [inf]  mise node@18.20.8    install

2025-12-15T23:25:52.235263752Z [inf]  mise node@18.20.8    download node-v18.20.8-linux-x64.tar.gz

2025-12-15T23:25:52.265097681Z [inf]  Get:5 http://deb.debian.org/debian bookworm-updates/main amd64 Packages [6924 B]

2025-12-15T23:25:52.308179957Z [inf]  Get:6 http://deb.debian.org/debian-security bookworm-security/main amd64 Packages [290 kB]

2025-12-15T23:25:52.700690516Z [inf]  mise node@18.20.8    extract node-v18.20.8-linux-x64.tar.gz

2025-12-15T23:25:53.33838228Z [inf]  Fetched 9342 kB in 1s (7532 kB/s)
Reading package lists...
2025-12-15T23:25:53.770451551Z [inf]  mise node@18.20.8    node -v

2025-12-15T23:25:53.777122881Z [inf]  mise node@18.20.8    v18.20.8

2025-12-15T23:25:53.778165152Z [inf]  mise node@18.20.8    npm -v

2025-12-15T23:25:53.885046265Z [inf]  

2025-12-15T23:25:53.898189611Z [inf]  mise node@18.20.8    10.8.2

2025-12-15T23:25:53.906398111Z [inf]  Reading package lists...
2025-12-15T23:25:53.916706432Z [inf]  mise node@18.20.8  ✓ installed

2025-12-15T23:25:54.005035402Z [inf]  install mise packages: node
2025-12-15T23:25:54.006217494Z [inf]  mkdir -p /app/node_modules/.cache
2025-12-15T23:25:54.173917529Z [inf]  mkdir -p /app/node_modules/.cache
2025-12-15T23:25:54.175242637Z [inf]  copy client/package-lock.json
2025-12-15T23:25:54.189179237Z [inf]  copy client/package-lock.json
2025-12-15T23:25:54.191300360Z [inf]  copy client/package.json
2025-12-15T23:25:54.203030245Z [inf]  copy client/package.json
2025-12-15T23:25:54.205590188Z [inf]  copy package-lock.json
2025-12-15T23:25:54.272607835Z [inf]  copy package-lock.json
2025-12-15T23:25:54.274227319Z [inf]  copy package.json
2025-12-15T23:25:54.288557908Z [inf]  copy package.json
2025-12-15T23:25:54.290479919Z [inf]  copy server/package-lock.json
2025-12-15T23:25:54.303756077Z [inf]  copy server/package-lock.json
2025-12-15T23:25:54.305248400Z [inf]  copy server/package.json
2025-12-15T23:25:54.317588490Z [inf]  copy server/package.json
2025-12-15T23:25:54.319092569Z [inf]  npm ci
2025-12-15T23:25:54.472584333Z [inf]  

2025-12-15T23:25:54.489802716Z [inf]  Building dependency tree...
2025-12-15T23:25:54.564721206Z [inf]  npm warn config production Use `--omit=dev` instead.

2025-12-15T23:25:54.64215475Z [inf]  
Reading state information...
2025-12-15T23:25:54.642177192Z [inf]  

2025-12-15T23:25:54.811998276Z [inf]  The following NEW packages will be installed:

2025-12-15T23:25:54.813275694Z [inf]    libatomic1

2025-12-15T23:25:54.84070118Z [inf]  0 upgraded, 1 newly installed, 0 to remove and 0 not upgraded.
Need to get 9376 B of archives.
After this operation, 46.1 kB of additional disk space will be used.
Get:1 http://deb.debian.org/debian bookworm/main amd64 libatomic1 amd64 12.2.0-14+deb12u1 [9376 B]

2025-12-15T23:25:54.877210907Z [inf]  copy /mise/shims
2025-12-15T23:25:54.877270919Z [inf]  copy /mise/installs
2025-12-15T23:25:54.965555224Z [inf]  debconf: delaying package configuration, since apt-utils is not installed

2025-12-15T23:25:54.995905719Z [inf]  Fetched 9376 B in 0s (448 kB/s)

2025-12-15T23:25:55.013937815Z [inf]  Selecting previously unselected package libatomic1:amd64.
(Reading database ... 
2025-12-15T23:25:55.015271283Z [inf]  (Reading database ... 5%(Reading database ... 10%(Reading database ... 15%(Reading database ... 20%(Reading database ... 25%(Reading database ... 30%(Reading database ... 35%(Reading database ... 40%(Reading database ... 45%(Reading database ... 50%(Reading database ... 55%(Reading database ... 60%(Reading database ... 65%(Reading database ... 70%
2025-12-15T23:25:55.019967323Z [inf]  (Reading database ... 75%
2025-12-15T23:25:55.022890436Z [inf]  (Reading database ... 80%
2025-12-15T23:25:55.025574975Z [inf]  (Reading database ... 85%
2025-12-15T23:25:55.028437204Z [inf]  (Reading database ... 90%
2025-12-15T23:25:55.030906825Z [inf]  (Reading database ... 95%
2025-12-15T23:25:55.034721567Z [inf]  (Reading database ... 100%(Reading database ... 6622 files and directories currently installed.)

2025-12-15T23:25:55.035228854Z [inf]  Preparing to unpack .../libatomic1_12.2.0-14+deb12u1_amd64.deb ...

2025-12-15T23:25:55.03857213Z [inf]  Unpacking libatomic1:amd64 (12.2.0-14+deb12u1) ...

2025-12-15T23:25:55.058562779Z [inf]  Setting up libatomic1:amd64 (12.2.0-14+deb12u1) ...

2025-12-15T23:25:55.062839142Z [inf]  Processing triggers for libc-bin (2.36-9+deb12u13) ...

2025-12-15T23:25:55.152825696Z [inf]  install apt packages: libatomic1
2025-12-15T23:25:55.545556294Z [inf]  copy /mise/installs
2025-12-15T23:25:55.546977787Z [inf]  copy /usr/local/bin/mise
2025-12-15T23:25:55.646902025Z [inf]  copy /usr/local/bin/mise
2025-12-15T23:25:55.647974806Z [inf]  copy /etc/mise/config.toml
2025-12-15T23:25:55.663447238Z [inf]  copy /etc/mise/config.toml
2025-12-15T23:25:55.664861734Z [inf]  copy /root/.local/state/mise
2025-12-15T23:25:55.679397401Z [inf]  copy /root/.local/state/mise
2025-12-15T23:26:03.930031113Z [inf]  
added 29 packages, and audited 30 packages in 9s

2025-12-15T23:26:03.931093138Z [inf]  
found 0 vulnerabilities

2025-12-15T23:26:04.158486982Z [inf]  npm ci
2025-12-15T23:26:04.159631175Z [inf]  copy / /app
2025-12-15T23:26:04.265231027Z [inf]  copy / /app
2025-12-15T23:26:04.266889232Z [inf]  npm run build
2025-12-15T23:26:04.525070269Z [inf]  npm warn config production Use `--omit=dev` instead.

2025-12-15T23:26:04.545997618Z [inf]  
> unreal-cyber-academy@1.0.0 build
> npm install --prefix client && npm run build --prefix client && npm install --prefix server


2025-12-15T23:26:04.673083935Z [inf]  npm warn config production Use `--omit=dev` instead.

2025-12-15T23:26:05.113147211Z [inf]  npm warn EBADENGINE Unsupported engine {
npm warn EBADENGINE   package: '@vitejs/plugin-react@5.1.2',
npm warn EBADENGINE   required: { node: '^20.19.0 || >=22.12.0' },
npm warn EBADENGINE   current: { node: 'v18.20.8', npm: '10.8.2' }
npm warn EBADENGINE }

2025-12-15T23:26:05.115015389Z [inf]  npm warn EBADENGINE Unsupported engine {
npm warn EBADENGINE   package: 'react-router@7.10.1',
npm warn EBADENGINE   required: { node: '>=20.0.0' },
npm warn EBADENGINE   current: { node: 'v18.20.8', npm: '10.8.2' }
npm warn EBADENGINE }

2025-12-15T23:26:05.115509527Z [inf]  npm warn EBADENGINE Unsupported engine {
npm warn EBADENGINE   package: 'react-router-dom@7.10.1',
npm warn EBADENGINE   required: { node: '>=20.0.0' },
npm warn EBADENGINE   current: { node: 'v18.20.8', npm: '10.8.2' }
npm warn EBADENGINE }

2025-12-15T23:26:05.116245585Z [inf]  npm warn EBADENGINE Unsupported engine {
npm warn EBADENGINE   package: 'vite@7.2.7',
npm warn EBADENGINE   required: { node: '^20.19.0 || >=22.12.0' },
npm warn EBADENGINE   current: { node: 'v18.20.8', npm: '10.8.2' }
npm warn EBADENGINE }

2025-12-15T23:26:10.292498697Z [inf]  
added 263 packages, and audited 264 packages in 6s

2025-12-15T23:26:10.29401606Z [inf]  
found 0 vulnerabilities

2025-12-15T23:26:10.439573477Z [inf]  npm warn config production Use `--omit=dev` instead.

2025-12-15T23:26:10.469853261Z [inf]  
> client@0.0.0 build
> vite build


2025-12-15T23:26:10.522678616Z [inf]  [33mYou are using Node.js 18.20.8. Vite requires Node.js version 20.19+ or 22.12+. Please upgrade your Node.js version.[39m

2025-12-15T23:26:10.723057691Z [inf]  [36mvite v7.2.7 [32mbuilding client environment for production...[36m[39m

2025-12-15T23:26:11.067257259Z [inf]  transforming...

2025-12-15T23:26:11.525586695Z [inf]  [32m✓[39m 4 modules transformed.

2025-12-15T23:26:11.528944123Z [inf]  [31m✗[39m Build failed in 778ms

2025-12-15T23:26:11.529048793Z [inf]  [31merror during build:
[31m[vite:css] [postcss] /app/client/src/index.css:39:3: @apply should not be used with the 'group' utility[31m
file: [36m/app/client/src/index.css:39:2[31m
    at Input.error (/app/client/node_modules/postcss/lib/input.js:135:16)
    at AtRule.error (/app/client/node_modules/postcss/lib/node.js:146:32)
    at processApply (/app/client/node_modules/tailwindcss/lib/lib/expandApplyAtRules.js:377:29)
    at /app/client/node_modules/tailwindcss/lib/lib/expandApplyAtRules.js:551:9
    at /app/client/node_modules/tailwindcss/lib/processTailwindFeatures.js:55:50
    at async plugins (/app/client/node_modules/tailwindcss/lib/plugin.js:38:17)
    at async LazyResult.runAsync (/app/client/node_modules/postcss/lib/lazy-result.js:293:11)
    at async runPostCSS (file:///app/client/node_modules/vite/dist/node/chunks/config.js:30144:19)
    at async compilePostCSS (file:///app/client/node_modules/vite/dist/node/chunks/config.js:30128:6)
    at async compileCSS (file:///app/client/node_modules/vite/dist/node/chunks/config.js:30058:26)[39m

2025-12-15T23:26:11.649112024Z [err]  npm run build
2025-12-15T23:26:11.672955481Z [err]  ERROR: failed to build: failed to solve: process "npm run build" did not complete successfully: exit code: 1